{"meta": {"format": 3, "version": "7.11.0", "timestamp": "2025-12-29T10:59:38.837414", "branch_coverage": false, "show_contexts": false}, "files": {"src/__init__.py": {"executed_lines": [0], "summary": {"covered_lines": 0, "num_statements": 0, "percent_covered": 100.0, "percent_covered_display": "100", "missing_lines": 0, "excluded_lines": 0}, "missing_lines": [], "excluded_lines": [], "functions": {"": {"executed_lines": [], "summary": {"covered_lines": 0, "num_statements": 0, "percent_covered": 100.0, "percent_covered_display": "100", "missing_lines": 0, "excluded_lines": 0}, "missing_lines": [], "excluded_lines": []}}, "classes": {"": {"executed_lines": [], "summary": {"covered_lines": 0, "num_statements": 0, "percent_covered": 100.0, "percent_covered_display": "100", "missing_lines": 0, "excluded_lines": 0}, "missing_lines": [], "excluded_lines": []}}}, "src/api.py": {"executed_lines": [1, 7, 8, 9, 10, 11, 12, 13, 14, 15, 16, 18, 24, 25, 26, 27, 28, 29, 30, 31, 32, 34, 37, 52, 57, 58, 59, 61, 62, 64, 68, 70, 71, 74, 75, 78, 79, 86, 93, 94, 95, 96, 97, 99, 109, 110, 112, 113, 114, 115, 116, 118, 119, 120, 122, 131, 133, 136, 139, 144, 146, 153, 154, 155, 156, 158, 166, 186, 189, 190, 205, 207, 208, 216, 219, 220, 226, 227, 229, 244, 262, 263, 296, 297, 330, 331, 337, 338, 341, 352, 371, 372, 379, 381, 382, 388, 393, 399, 400, 401, 402, 422, 423, 424, 426, 428, 431, 432, 433, 436, 440, 443, 446, 447, 450, 451, 452, 454, 456, 474, 475, 511, 518, 519, 520, 527, 530, 531, 549, 556, 557, 575, 576, 583, 584, 585, 587, 589, 590, 592, 593, 594, 596, 602, 626, 633, 635, 637, 640, 658, 659, 660, 667, 672, 678, 679, 697, 698, 699, 700, 720, 723, 724, 727, 729, 730, 731, 732, 733, 736, 760, 762, 769, 771, 776, 781, 801, 802, 820, 821, 828, 830, 831, 833, 834, 835, 836, 849, 850, 855, 860, 861, 864, 865, 880, 882, 884, 885, 887, 888, 889, 891, 897, 904, 905, 1066, 1070, 1090], "summary": {"covered_lines": 206, "num_statements": 393, "percent_covered": 52.41730279898219, "percent_covered_display": "52", "missing_lines": 187, "excluded_lines": 0}, "missing_lines": [134, 140, 141, 142, 160, 161, 162, 163, 164, 173, 174, 175, 176, 193, 194, 195, 196, 198, 201, 230, 234, 239, 246, 247, 251, 256, 270, 271, 272, 279, 280, 285, 290, 304, 305, 306, 313, 314, 319, 324, 354, 355, 360, 365, 403, 404, 405, 406, 408, 412, 417, 458, 459, 464, 469, 479, 480, 485, 490, 494, 495, 500, 505, 533, 534, 539, 544, 558, 559, 564, 569, 609, 610, 615, 620, 641, 647, 652, 680, 686, 691, 701, 702, 703, 704, 706, 710, 715, 737, 738, 739, 742, 746, 749, 752, 753, 756, 757, 758, 785, 786, 791, 796, 803, 804, 809, 814, 837, 842, 847, 848, 866, 867, 872, 877, 878, 907, 908, 913, 918, 919, 922, 929, 931, 933, 936, 937, 943, 948, 949, 952, 953, 954, 961, 966, 967, 970, 971, 972, 978, 983, 984, 987, 988, 989, 990, 991, 992, 993, 994, 996, 1000, 1005, 1006, 1008, 1011, 1012, 1015, 1016, 1018, 1025, 1027, 1029, 1034, 1039, 1040, 1041, 1046, 1051, 1053, 1054, 1059, 1064, 1068, 1069, 1072, 1077, 1082, 1083, 1084, 1085, 1087, 1091, 1092, 1095, 1096, 1101], "excluded_lines": [], "functions": {"_log_error": {"executed_lines": [52, 57, 58, 59, 61, 62, 64], "summary": {"covered_lines": 7, "num_statements": 7, "percent_covered": 100.0, "percent_covered_display": "100", "missing_lines": 0, "excluded_lines": 0}, "missing_lines": [], "excluded_lines": []}, "get_storage": {"executed_lines": [70, 71], "summary": {"covered_lines": 2, "num_statements": 2, "percent_covered": 100.0, "percent_covered_display": "100", "missing_lines": 0, "excluded_lines": 0}, "missing_lines": [], "excluded_lines": []}, "ModelCache.__init__": {"executed_lines": [93, 94, 95, 96, 97], "summary": {"covered_lines": 5, "num_statements": 5, "percent_covered": 100.0, "percent_covered_display": "100", "missing_lines": 0, "excluded_lines": 0}, "missing_lines": [], "excluded_lines": []}, "ModelCache.get": {"executed_lines": [109, 110, 112, 113, 114, 115, 116, 118, 119, 120], "summary": {"covered_lines": 10, "num_statements": 10, "percent_covered": 100.0, "percent_covered_display": "100", "missing_lines": 0, "excluded_lines": 0}, "missing_lines": [], "excluded_lines": []}, "ModelCache.put": {"executed_lines": [131, 133, 136, 139, 144], "summary": {"covered_lines": 5, "num_statements": 9, "percent_covered": 55.55555555555556, "percent_covered_display": "56", "missing_lines": 4, "excluded_lines": 0}, "missing_lines": [134, 140, 141, 142], "excluded_lines": []}, "ModelCache.invalidate": {"executed_lines": [153, 154, 155, 156], "summary": {"covered_lines": 4, "num_statements": 4, "percent_covered": 100.0, "percent_covered_display": "100", "missing_lines": 0, "excluded_lines": 0}, "missing_lines": [], "excluded_lines": []}, "ModelCache.clear": {"executed_lines": [], "summary": {"covered_lines": 0, "num_statements": 5, "percent_covered": 0.0, "percent_covered_display": "0", "missing_lines": 5, "excluded_lines": 0}, "missing_lines": [160, 161, 162, 163, 164], "excluded_lines": []}, "ModelCache.get_stats": {"executed_lines": [], "summary": {"covered_lines": 0, "num_statements": 4, "percent_covered": 0.0, "percent_covered_display": "0", "missing_lines": 4, "excluded_lines": 0}, "missing_lines": [173, 174, 175, 176], "excluded_lines": []}, "lifespan": {"executed_lines": [], "summary": {"covered_lines": 0, "num_statements": 6, "percent_covered": 0.0, "percent_covered_display": "0", "missing_lines": 6, "excluded_lines": 0}, "missing_lines": [193, 194, 195, 196, 198, 201], "excluded_lines": []}, "create_app": {"executed_lines": [207, 208], "summary": {"covered_lines": 2, "num_statements": 2, "percent_covered": 100.0, "percent_covered_display": "100", "missing_lines": 0, "excluded_lines": 0}, "missing_lines": [], "excluded_lines": []}, "health_check": {"executed_lines": [226, 227, 229, 244], "summary": {"covered_lines": 4, "num_statements": 11, "percent_covered": 36.36363636363637, "percent_covered_display": "36", "missing_lines": 7, "excluded_lines": 0}, "missing_lines": [230, 234, 239, 246, 247, 251, 256], "excluded_lines": []}, "get_cache_stats": {"executed_lines": [], "summary": {"covered_lines": 0, "num_statements": 7, "percent_covered": 0.0, "percent_covered_display": "0", "missing_lines": 7, "excluded_lines": 0}, "missing_lines": [270, 271, 272, 279, 280, 285, 290], "excluded_lines": []}, "clear_cache": {"executed_lines": [], "summary": {"covered_lines": 0, "num_statements": 7, "percent_covered": 0.0, "percent_covered_display": "0", "missing_lines": 7, "excluded_lines": 0}, "missing_lines": [304, 305, 306, 313, 314, 319, 324], "excluded_lines": []}, "list_models": {"executed_lines": [337, 338, 341, 352], "summary": {"covered_lines": 4, "num_statements": 8, "percent_covered": 50.0, "percent_covered_display": "50", "missing_lines": 4, "excluded_lines": 0}, "missing_lines": [354, 355, 360, 365], "excluded_lines": []}, "train_model": {"executed_lines": [379, 381, 382, 388, 393, 399, 400, 401, 402, 422, 423, 424, 426, 428, 431, 432, 433, 436, 440, 443, 446, 447, 450, 451, 452, 454, 456, 474, 475, 511, 518, 519, 520, 527, 530, 531, 549, 556, 557], "summary": {"covered_lines": 39, "num_statements": 66, "percent_covered": 59.09090909090909, "percent_covered_display": "59", "missing_lines": 27, "excluded_lines": 0}, "missing_lines": [403, 404, 405, 406, 408, 412, 417, 458, 459, 464, 469, 479, 480, 485, 490, 494, 495, 500, 505, 533, 534, 539, 544, 558, 559, 564, 569], "excluded_lines": []}, "predict": {"executed_lines": [583, 584, 585, 587, 589, 590, 592, 593, 594, 596, 602, 626, 633, 635, 637, 640, 658, 659, 660, 667, 672, 678, 679, 697, 698, 699, 700, 720, 723, 724, 727, 729, 730, 731, 732, 733, 736, 760, 762, 769, 771, 776, 781, 801, 802], "summary": {"covered_lines": 45, "num_statements": 81, "percent_covered": 55.55555555555556, "percent_covered_display": "56", "missing_lines": 36, "excluded_lines": 0}, "missing_lines": [609, 610, 615, 620, 641, 647, 652, 680, 686, 691, 701, 702, 703, 704, 706, 710, 715, 737, 738, 739, 742, 746, 749, 752, 753, 756, 757, 758, 785, 786, 791, 796, 803, 804, 809, 814], "excluded_lines": []}, "websocket_predict": {"executed_lines": [828, 830, 831, 833, 834, 835, 836, 849, 850, 855, 860, 861, 864, 865, 880, 882, 884, 885, 887, 888, 889, 891, 897, 904, 905, 1066, 1070], "summary": {"covered_lines": 27, "num_statements": 102, "percent_covered": 26.470588235294116, "percent_covered_display": "26", "missing_lines": 75, "excluded_lines": 0}, "missing_lines": [837, 842, 847, 848, 866, 867, 872, 877, 878, 907, 908, 913, 918, 919, 922, 929, 931, 933, 936, 937, 943, 948, 949, 952, 953, 954, 961, 966, 967, 970, 971, 972, 978, 983, 984, 987, 988, 989, 990, 991, 992, 993, 994, 996, 1000, 1005, 1006, 1008, 1011, 1012, 1015, 1016, 1018, 1025, 1027, 1029, 1034, 1039, 1040, 1041, 1046, 1051, 1053, 1054, 1059, 1064, 1068, 1069, 1072, 1077, 1082, 1083, 1084, 1085, 1087], "excluded_lines": []}, "": {"executed_lines": [1, 7, 8, 9, 10, 11, 12, 13, 14, 15, 16, 18, 24, 25, 26, 27, 28, 29, 30, 31, 32, 34, 37, 68, 74, 75, 78, 79, 86, 99, 122, 146, 158, 166, 186, 189, 190, 205, 216, 219, 220, 262, 263, 296, 297, 330, 331, 371, 372, 575, 576, 820, 821, 1090], "summary": {"covered_lines": 52, "num_statements": 57, "percent_covered": 91.2280701754386, "percent_covered_display": "91", "missing_lines": 5, "excluded_lines": 0}, "missing_lines": [1091, 1092, 1095, 1096, 1101], "excluded_lines": []}}, "classes": {"ModelCache": {"executed_lines": [93, 94, 95, 96, 97, 109, 110, 112, 113, 114, 115, 116, 118, 119, 120, 131, 133, 136, 139, 144, 153, 154, 155, 156], "summary": {"covered_lines": 24, "num_statements": 37, "percent_covered": 64.86486486486487, "percent_covered_display": "65", "missing_lines": 13, "excluded_lines": 0}, "missing_lines": [134, 140, 141, 142, 160, 161, 162, 163, 164, 173, 174, 175, 176], "excluded_lines": []}, "": {"executed_lines": [1, 7, 8, 9, 10, 11, 12, 13, 14, 15, 16, 18, 24, 25, 26, 27, 28, 29, 30, 31, 32, 34, 37, 52, 57, 58, 59, 61, 62, 64, 68, 70, 71, 74, 75, 78, 79, 86, 99, 122, 146, 158, 166, 186, 189, 190, 205, 207, 208, 216, 219, 220, 226, 227, 229, 244, 262, 263, 296, 297, 330, 331, 337, 338, 341, 352, 371, 372, 379, 381, 382, 388, 393, 399, 400, 401, 402, 422, 423, 424, 426, 428, 431, 432, 433, 436, 440, 443, 446, 447, 450, 451, 452, 454, 456, 474, 475, 511, 518, 519, 520, 527, 530, 531, 549, 556, 557, 575, 576, 583, 584, 585, 587, 589, 590, 592, 593, 594, 596, 602, 626, 633, 635, 637, 640, 658, 659, 660, 667, 672, 678, 679, 697, 698, 699, 700, 720, 723, 724, 727, 729, 730, 731, 732, 733, 736, 760, 762, 769, 771, 776, 781, 801, 802, 820, 821, 828, 830, 831, 833, 834, 835, 836, 849, 850, 855, 860, 861, 864, 865, 880, 882, 884, 885, 887, 888, 889, 891, 897, 904, 905, 1066, 1070, 1090], "summary": {"covered_lines": 182, "num_statements": 356, "percent_covered": 51.12359550561798, "percent_covered_display": "51", "missing_lines": 174, "excluded_lines": 0}, "missing_lines": [193, 194, 195, 196, 198, 201, 230, 234, 239, 246, 247, 251, 256, 270, 271, 272, 279, 280, 285, 290, 304, 305, 306, 313, 314, 319, 324, 354, 355, 360, 365, 403, 404, 405, 406, 408, 412, 417, 458, 459, 464, 469, 479, 480, 485, 490, 494, 495, 500, 505, 533, 534, 539, 544, 558, 559, 564, 569, 609, 610, 615, 620, 641, 647, 652, 680, 686, 691, 701, 702, 703, 704, 706, 710, 715, 737, 738, 739, 742, 746, 749, 752, 753, 756, 757, 758, 785, 786, 791, 796, 803, 804, 809, 814, 837, 842, 847, 848, 866, 867, 872, 877, 878, 907, 908, 913, 918, 919, 922, 929, 931, 933, 936, 937, 943, 948, 949, 952, 953, 954, 961, 966, 967, 970, 971, 972, 978, 983, 984, 987, 988, 989, 990, 991, 992, 993, 994, 996, 1000, 1005, 1006, 1008, 1011, 1012, 1015, 1016, 1018, 1025, 1027, 1029, 1034, 1039, 1040, 1041, 1046, 1051, 1053, 1054, 1059, 1064, 1068, 1069, 1072, 1077, 1082, 1083, 1084, 1085, 1087, 1091, 1092, 1095, 1096, 1101], "excluded_lines": []}}}, "src/cli.py": {"executed_lines": [], "summary": {"covered_lines": 0, "num_statements": 168, "percent_covered": 0.0, "percent_covered_display": "0", "missing_lines": 168, "excluded_lines": 0}, "missing_lines": [6, 7, 8, 9, 10, 12, 13, 14, 16, 17, 19, 22, 25, 33, 34, 37, 38, 56, 59, 60, 62, 66, 67, 68, 69, 70, 71, 72, 73, 74, 75, 76, 77, 78, 79, 82, 85, 86, 92, 94, 95, 96, 97, 98, 100, 101, 103, 105, 110, 120, 121, 131, 133, 135, 136, 137, 139, 140, 141, 142, 143, 144, 145, 146, 148, 149, 151, 152, 153, 160, 161, 162, 163, 164, 165, 172, 173, 174, 175, 182, 183, 186, 187, 193, 194, 195, 196, 198, 200, 201, 202, 203, 204, 205, 206, 207, 208, 209, 210, 211, 214, 215, 226, 229, 230, 231, 233, 234, 236, 237, 239, 240, 241, 243, 244, 246, 247, 248, 249, 250, 251, 253, 255, 256, 257, 258, 259, 260, 261, 263, 264, 270, 273, 274, 284, 285, 286, 288, 289, 291, 292, 293, 295, 296, 298, 299, 301, 304, 305, 316, 317, 318, 319, 322, 345, 346, 347, 348, 349, 350, 351, 352, 359, 360, 363, 365, 368, 369], "excluded_lines": [], "functions": {"start": {"executed_lines": [], "summary": {"covered_lines": 0, "num_statements": 32, "percent_covered": 0.0, "percent_covered_display": "0", "missing_lines": 32, "excluded_lines": 0}, "missing_lines": [56, 59, 60, 62, 66, 67, 68, 69, 70, 71, 72, 73, 74, 75, 76, 77, 78, 79, 82, 85, 86, 92, 94, 95, 96, 97, 98, 100, 101, 103, 105, 110], "excluded_lines": []}, "health": {"executed_lines": [], "summary": {"covered_lines": 0, "num_statements": 30, "percent_covered": 0.0, "percent_covered_display": "0", "missing_lines": 30, "excluded_lines": 0}, "missing_lines": [131, 133, 135, 136, 137, 139, 140, 141, 142, 143, 144, 145, 146, 148, 149, 151, 152, 153, 160, 161, 162, 163, 164, 165, 172, 173, 174, 175, 182, 183], "excluded_lines": []}, "version": {"executed_lines": [], "summary": {"covered_lines": 0, "num_statements": 17, "percent_covered": 0.0, "percent_covered_display": "0", "missing_lines": 17, "excluded_lines": 0}, "missing_lines": [193, 194, 195, 196, 198, 200, 201, 202, 203, 204, 205, 206, 207, 208, 209, 210, 211], "excluded_lines": []}, "list_models": {"executed_lines": [], "summary": {"covered_lines": 0, "num_statements": 30, "percent_covered": 0.0, "percent_covered_display": "0", "missing_lines": 30, "excluded_lines": 0}, "missing_lines": [226, 229, 230, 231, 233, 234, 236, 237, 239, 240, 241, 243, 244, 246, 247, 248, 249, 250, 251, 253, 255, 256, 257, 258, 259, 260, 261, 263, 264, 270], "excluded_lines": []}, "config_show": {"executed_lines": [], "summary": {"covered_lines": 0, "num_statements": 13, "percent_covered": 0.0, "percent_covered_display": "0", "missing_lines": 13, "excluded_lines": 0}, "missing_lines": [284, 285, 286, 288, 289, 291, 292, 293, 295, 296, 298, 299, 301], "excluded_lines": []}, "config_init": {"executed_lines": [], "summary": {"covered_lines": 0, "num_statements": 15, "percent_covered": 0.0, "percent_covered_display": "0", "missing_lines": 15, "excluded_lines": 0}, "missing_lines": [316, 317, 318, 319, 322, 345, 346, 347, 348, 349, 350, 351, 352, 359, 360], "excluded_lines": []}, "main": {"executed_lines": [], "summary": {"covered_lines": 0, "num_statements": 1, "percent_covered": 0.0, "percent_covered_display": "0", "missing_lines": 1, "excluded_lines": 0}, "missing_lines": [365], "excluded_lines": []}, "": {"executed_lines": [], "summary": {"covered_lines": 0, "num_statements": 30, "percent_covered": 0.0, "percent_covered_display": "0", "missing_lines": 30, "excluded_lines": 0}, "missing_lines": [6, 7, 8, 9, 10, 12, 13, 14, 16, 17, 19, 22, 25, 33, 34, 37, 38, 120, 121, 186, 187, 214, 215, 273, 274, 304, 305, 363, 368, 369], "excluded_lines": []}}, "classes": {"": {"executed_lines": [], "summary": {"covered_lines": 0, "num_statements": 168, "percent_covered": 0.0, "percent_covered_display": "0", "missing_lines": 168, "excluded_lines": 0}, "missing_lines": [6, 7, 8, 9, 10, 12, 13, 14, 16, 17, 19, 22, 25, 33, 34, 37, 38, 56, 59, 60, 62, 66, 67, 68, 69, 70, 71, 72, 73, 74, 75, 76, 77, 78, 79, 82, 85, 86, 92, 94, 95, 96, 97, 98, 100, 101, 103, 105, 110, 120, 121, 131, 133, 135, 136, 137, 139, 140, 141, 142, 143, 144, 145, 146, 148, 149, 151, 152, 153, 160, 161, 162, 163, 164, 165, 172, 173, 174, 175, 182, 183, 186, 187, 193, 194, 195, 196, 198, 200, 201, 202, 203, 204, 205, 206, 207, 208, 209, 210, 211, 214, 215, 226, 229, 230, 231, 233, 234, 236, 237, 239, 240, 241, 243, 244, 246, 247, 248, 249, 250, 251, 253, 255, 256, 257, 258, 259, 260, 261, 263, 264, 270, 273, 274, 284, 285, 286, 288, 289, 291, 292, 293, 295, 296, 298, 299, 301, 304, 305, 316, 317, 318, 319, 322, 345, 346, 347, 348, 349, 350, 351, 352, 359, 360, 363, 365, 368, 369], "excluded_lines": []}}}, "src/config.py": {"executed_lines": [1, 10, 11, 13, 14, 17, 18, 21, 25, 29, 33, 39, 45, 49, 55, 59, 64, 72, 73, 113, 121, 131, 151, 154, 161, 162, 163, 166, 176], "summary": {"covered_lines": 27, "num_statements": 54, "percent_covered": 50.0, "percent_covered_display": "50", "missing_lines": 27, "excluded_lines": 0}, "missing_lines": [83, 85, 86, 87, 88, 89, 90, 92, 94, 95, 96, 97, 98, 99, 101, 103, 104, 107, 108, 111, 119, 127, 128, 129, 137, 173, 179], "excluded_lines": [], "functions": {"PredictorConfig.from_toml": {"executed_lines": [], "summary": {"covered_lines": 0, "num_statements": 20, "percent_covered": 0.0, "percent_covered_display": "0", "missing_lines": 20, "excluded_lines": 0}, "missing_lines": [83, 85, 86, 87, 88, 89, 90, 92, 94, 95, 96, 97, 98, 99, 101, 103, 104, 107, 108, 111], "excluded_lines": []}, "PredictorConfig.get_storage_path": {"executed_lines": [], "summary": {"covered_lines": 0, "num_statements": 1, "percent_covered": 0.0, "percent_covered_display": "0", "missing_lines": 1, "excluded_lines": 0}, "missing_lines": [119], "excluded_lines": []}, "PredictorConfig.ensure_storage_dir": {"executed_lines": [], "summary": {"covered_lines": 0, "num_statements": 3, "percent_covered": 0.0, "percent_covered_display": "0", "missing_lines": 3, "excluded_lines": 0}, "missing_lines": [127, 128, 129], "excluded_lines": []}, "PredictorConfig.to_dict": {"executed_lines": [], "summary": {"covered_lines": 0, "num_statements": 1, "percent_covered": 0.0, "percent_covered_display": "0", "missing_lines": 1, "excluded_lines": 0}, "missing_lines": [137], "excluded_lines": []}, "get_config": {"executed_lines": [161, 162, 163], "summary": {"covered_lines": 3, "num_statements": 3, "percent_covered": 100.0, "percent_covered_display": "100", "missing_lines": 0, "excluded_lines": 0}, "missing_lines": [], "excluded_lines": []}, "set_config": {"executed_lines": [], "summary": {"covered_lines": 0, "num_statements": 1, "percent_covered": 0.0, "percent_covered_display": "0", "missing_lines": 1, "excluded_lines": 0}, "missing_lines": [173], "excluded_lines": []}, "reset_config": {"executed_lines": [], "summary": {"covered_lines": 0, "num_statements": 1, "percent_covered": 0.0, "percent_covered_display": "0", "missing_lines": 1, "excluded_lines": 0}, "missing_lines": [179], "excluded_lines": []}, "": {"executed_lines": [1, 10, 11, 13, 14, 17, 18, 21, 25, 29, 33, 39, 45, 49, 55, 59, 64, 72, 73, 113, 121, 131, 151, 154, 166, 176], "summary": {"covered_lines": 24, "num_statements": 24, "percent_covered": 100.0, "percent_covered_display": "100", "missing_lines": 0, "excluded_lines": 0}, "missing_lines": [], "excluded_lines": []}}, "classes": {"PredictorConfig": {"executed_lines": [], "summary": {"covered_lines": 0, "num_statements": 25, "percent_covered": 0.0, "percent_covered_display": "0", "missing_lines": 25, "excluded_lines": 0}, "missing_lines": [83, 85, 86, 87, 88, 89, 90, 92, 94, 95, 96, 97, 98, 99, 101, 103, 104, 107, 108, 111, 119, 127, 128, 129, 137], "excluded_lines": []}, "": {"executed_lines": [1, 10, 11, 13, 14, 17, 18, 21, 25, 29, 33, 39, 45, 49, 55, 59, 64, 72, 73, 113, 121, 131, 151, 154, 161, 162, 163, 166, 176], "summary": {"covered_lines": 27, "num_statements": 29, "percent_covered": 93.10344827586206, "percent_covered_display": "93", "missing_lines": 2, "excluded_lines": 0}, "missing_lines": [173, 179], "excluded_lines": []}}}, "src/models.py": {"executed_lines": [1, 7, 8, 9, 12, 13, 14, 15, 16, 18, 49, 52, 56, 83, 84, 85, 86, 89, 92, 93, 94, 95, 96, 97, 98, 109, 110, 113, 114, 115, 117, 118, 119, 120, 122, 123, 124, 126, 129, 130, 133, 136, 139, 140, 141, 142, 143, 144, 147, 148, 149, 150, 151, 152, 153, 154, 155, 158, 159, 160, 162, 163, 165, 167, 168, 169, 171, 172, 173, 174, 175, 178, 179, 180, 181, 182, 183, 186, 187, 188, 189, 190, 191, 192, 195, 196, 197, 200, 201, 202, 203, 204, 207, 208, 209, 210], "summary": {"covered_lines": 86, "num_statements": 90, "percent_covered": 95.55555555555556, "percent_covered_display": "96", "missing_lines": 4, "excluded_lines": 0}, "missing_lines": [127, 131, 134, 164], "excluded_lines": [], "functions": {"PlatformInfo.extract_gpu_specs": {"executed_lines": [49, 52, 56, 83, 84, 85, 86, 89], "summary": {"covered_lines": 8, "num_statements": 8, "percent_covered": 100.0, "percent_covered_display": "100", "missing_lines": 0, "excluded_lines": 0}, "missing_lines": [], "excluded_lines": []}, "TrainingRequest.validate_prediction_type": {"executed_lines": [117, 118, 119, 120], "summary": {"covered_lines": 4, "num_statements": 4, "percent_covered": 100.0, "percent_covered_display": "100", "missing_lines": 0, "excluded_lines": 0}, "missing_lines": [], "excluded_lines": []}, "TrainingRequest.validate_features_list": {"executed_lines": [126, 129, 130, 133, 136], "summary": {"covered_lines": 5, "num_statements": 8, "percent_covered": 62.5, "percent_covered_display": "62", "missing_lines": 3, "excluded_lines": 0}, "missing_lines": [127, 131, 134], "excluded_lines": []}, "PredictionRequest.validate_prediction_type": {"executed_lines": [162, 163, 165], "summary": {"covered_lines": 3, "num_statements": 4, "percent_covered": 75.0, "percent_covered_display": "75", "missing_lines": 1, "excluded_lines": 0}, "missing_lines": [164], "excluded_lines": []}, "PredictionRequest.validate_quantiles": {"executed_lines": [171, 172, 173, 174, 175], "summary": {"covered_lines": 5, "num_statements": 5, "percent_covered": 100.0, "percent_covered_display": "100", "missing_lines": 0, "excluded_lines": 0}, "missing_lines": [], "excluded_lines": []}, "": {"executed_lines": [1, 7, 8, 9, 12, 13, 14, 15, 16, 18, 92, 93, 94, 95, 96, 97, 98, 109, 110, 113, 114, 115, 122, 123, 124, 139, 140, 141, 142, 143, 144, 147, 148, 149, 150, 151, 152, 153, 154, 155, 158, 159, 160, 167, 168, 169, 178, 179, 180, 181, 182, 183, 186, 187, 188, 189, 190, 191, 192, 195, 196, 197, 200, 201, 202, 203, 204, 207, 208, 209, 210], "summary": {"covered_lines": 61, "num_statements": 61, "percent_covered": 100.0, "percent_covered_display": "100", "missing_lines": 0, "excluded_lines": 0}, "missing_lines": [], "excluded_lines": []}}, "classes": {"PlatformInfo": {"executed_lines": [49, 52, 56, 83, 84, 85, 86, 89], "summary": {"covered_lines": 8, "num_statements": 8, "percent_covered": 100.0, "percent_covered_display": "100", "missing_lines": 0, "excluded_lines": 0}, "missing_lines": [], "excluded_lines": []}, "TrainingRequest": {"executed_lines": [117, 118, 119, 120, 126, 129, 130, 133, 136], "summary": {"covered_lines": 9, "num_statements": 12, "percent_covered": 75.0, "percent_covered_display": "75", "missing_lines": 3, "excluded_lines": 0}, "missing_lines": [127, 131, 134], "excluded_lines": []}, "TrainingResponse": {"executed_lines": [], "summary": {"covered_lines": 0, "num_statements": 0, "percent_covered": 100.0, "percent_covered_display": "100", "missing_lines": 0, "excluded_lines": 0}, "missing_lines": [], "excluded_lines": []}, "PredictionRequest": {"executed_lines": [162, 163, 165, 171, 172, 173, 174, 175], "summary": {"covered_lines": 8, "num_statements": 9, "percent_covered": 88.88888888888889, "percent_covered_display": "89", "missing_lines": 1, "excluded_lines": 0}, "missing_lines": [164], "excluded_lines": []}, "PredictionResponse": {"executed_lines": [], "summary": {"covered_lines": 0, "num_statements": 0, "percent_covered": 100.0, "percent_covered_display": "100", "missing_lines": 0, "excluded_lines": 0}, "missing_lines": [], "excluded_lines": []}, "ModelMetadata": {"executed_lines": [], "summary": {"covered_lines": 0, "num_statements": 0, "percent_covered": 100.0, "percent_covered_display": "100", "missing_lines": 0, "excluded_lines": 0}, "missing_lines": [], "excluded_lines": []}, "ModelListResponse": {"executed_lines": [], "summary": {"covered_lines": 0, "num_statements": 0, "percent_covered": 100.0, "percent_covered_display": "100", "missing_lines": 0, "excluded_lines": 0}, "missing_lines": [], "excluded_lines": []}, "ErrorResponse": {"executed_lines": [], "summary": {"covered_lines": 0, "num_statements": 0, "percent_covered": 100.0, "percent_covered_display": "100", "missing_lines": 0, "excluded_lines": 0}, "missing_lines": [], "excluded_lines": []}, "HealthResponse": {"executed_lines": [], "summary": {"covered_lines": 0, "num_statements": 0, "percent_covered": 100.0, "percent_covered_display": "100", "missing_lines": 0, "excluded_lines": 0}, "missing_lines": [], "excluded_lines": []}, "": {"executed_lines": [1, 7, 8, 9, 12, 13, 14, 15, 16, 18, 92, 93, 94, 95, 96, 97, 98, 109, 110, 113, 114, 115, 122, 123, 124, 139, 140, 141, 142, 143, 144, 147, 148, 149, 150, 151, 152, 153, 154, 155, 158, 159, 160, 167, 168, 169, 178, 179, 180, 181, 182, 183, 186, 187, 188, 189, 190, 191, 192, 195, 196, 197, 200, 201, 202, 203, 204, 207, 208, 209, 210], "summary": {"covered_lines": 61, "num_statements": 61, "percent_covered": 100.0, "percent_covered_display": "100", "missing_lines": 0, "excluded_lines": 0}, "missing_lines": [], "excluded_lines": []}}}, "src/predictor/__init__.py": {"executed_lines": [1, 2, 3, 4, 5, 7], "summary": {"covered_lines": 6, "num_statements": 6, "percent_covered": 100.0, "percent_covered_display": "100", "missing_lines": 0, "excluded_lines": 0}, "missing_lines": [], "excluded_lines": [], "functions": {"": {"executed_lines": [1, 2, 3, 4, 5, 7], "summary": {"covered_lines": 6, "num_statements": 6, "percent_covered": 100.0, "percent_covered_display": "100", "missing_lines": 0, "excluded_lines": 0}, "missing_lines": [], "excluded_lines": []}}, "classes": {"": {"executed_lines": [1, 2, 3, 4, 5, 7], "summary": {"covered_lines": 6, "num_statements": 6, "percent_covered": 100.0, "percent_covered_display": "100", "missing_lines": 0, "excluded_lines": 0}, "missing_lines": [], "excluded_lines": []}}}, "src/predictor/base.py": {"executed_lines": [1, 7, 8, 10, 12, 15, 16, 18, 19, 35, 36, 51, 52, 61, 62, 71, 82, 83, 86, 87, 88, 93, 100, 103, 104, 105, 107, 123, 129, 132, 133, 135, 145, 146, 147, 150, 151, 155, 162, 165, 166, 168, 170, 189, 192, 193, 194, 197, 198, 199, 201, 203, 205, 208, 209, 211, 213, 229], "summary": {"covered_lines": 56, "num_statements": 67, "percent_covered": 83.58208955223881, "percent_covered_display": "84", "missing_lines": 11, "excluded_lines": 0}, "missing_lines": [33, 49, 59, 69, 124, 125, 126, 136, 137, 142, 190], "excluded_lines": [], "functions": {"BasePredictor.train": {"executed_lines": [], "summary": {"covered_lines": 0, "num_statements": 1, "percent_covered": 0.0, "percent_covered_display": "0", "missing_lines": 1, "excluded_lines": 0}, "missing_lines": [33], "excluded_lines": []}, "BasePredictor.predict": {"executed_lines": [], "summary": {"covered_lines": 0, "num_statements": 1, "percent_covered": 0.0, "percent_covered_display": "0", "missing_lines": 1, "excluded_lines": 0}, "missing_lines": [49], "excluded_lines": []}, "BasePredictor.get_model_state": {"executed_lines": [], "summary": {"covered_lines": 0, "num_statements": 1, "percent_covered": 0.0, "percent_covered_display": "0", "missing_lines": 1, "excluded_lines": 0}, "missing_lines": [59], "excluded_lines": []}, "BasePredictor.load_model_state": {"executed_lines": [], "summary": {"covered_lines": 0, "num_statements": 1, "percent_covered": 0.0, "percent_covered_display": "0", "missing_lines": 1, "excluded_lines": 0}, "missing_lines": [69], "excluded_lines": []}, "BasePredictor.validate_features": {"executed_lines": [82, 83, 86, 87, 88, 93, 100, 103, 104, 105], "summary": {"covered_lines": 10, "num_statements": 10, "percent_covered": 100.0, "percent_covered_display": "100", "missing_lines": 0, "excluded_lines": 0}, "missing_lines": [], "excluded_lines": []}, "BasePredictor.extract_features_and_labels": {"executed_lines": [123, 129, 132, 133, 135, 145, 146, 147, 150, 151, 155, 162, 165, 166, 168], "summary": {"covered_lines": 15, "num_statements": 21, "percent_covered": 71.42857142857143, "percent_covered_display": "71", "missing_lines": 6, "excluded_lines": 0}, "missing_lines": [124, 125, 126, 136, 137, 142], "excluded_lines": []}, "BasePredictor.filter_constant_features": {"executed_lines": [189, 192, 193, 194, 197, 198, 199, 201, 203, 205, 208, 209, 211], "summary": {"covered_lines": 13, "num_statements": 14, "percent_covered": 92.85714285714286, "percent_covered_display": "93", "missing_lines": 1, "excluded_lines": 0}, "missing_lines": [190], "excluded_lines": []}, "BasePredictor.filter_features_for_prediction": {"executed_lines": [229], "summary": {"covered_lines": 1, "num_statements": 1, "percent_covered": 100.0, "percent_covered_display": "100", "missing_lines": 0, "excluded_lines": 0}, "missing_lines": [], "excluded_lines": []}, "": {"executed_lines": [1, 7, 8, 10, 12, 15, 16, 18, 19, 35, 36, 51, 52, 61, 62, 71, 107, 170, 213], "summary": {"covered_lines": 17, "num_statements": 17, "percent_covered": 100.0, "percent_covered_display": "100", "missing_lines": 0, "excluded_lines": 0}, "missing_lines": [], "excluded_lines": []}}, "classes": {"BasePredictor": {"executed_lines": [82, 83, 86, 87, 88, 93, 100, 103, 104, 105, 123, 129, 132, 133, 135, 145, 146, 147, 150, 151, 155, 162, 165, 166, 168, 189, 192, 193, 194, 197, 198, 199, 201, 203, 205, 208, 209, 211, 229], "summary": {"covered_lines": 39, "num_statements": 50, "percent_covered": 78.0, "percent_covered_display": "78", "missing_lines": 11, "excluded_lines": 0}, "missing_lines": [33, 49, 59, 69, 124, 125, 126, 136, 137, 142, 190], "excluded_lines": []}, "": {"executed_lines": [1, 7, 8, 10, 12, 15, 16, 18, 19, 35, 36, 51, 52, 61, 62, 71, 107, 170, 213], "summary": {"covered_lines": 17, "num_statements": 17, "percent_covered": 100.0, "percent_covered_display": "100", "missing_lines": 0, "excluded_lines": 0}, "missing_lines": [], "excluded_lines": []}}}, "src/predictor/decision_tree.py": {"executed_lines": [1, 7, 8, 9, 10, 11, 12, 14, 15, 17, 20, 21, 27, 33, 97, 130, 152], "summary": {"covered_lines": 15, "num_statements": 57, "percent_covered": 26.31578947368421, "percent_covered_display": "26", "missing_lines": 42, "excluded_lines": 0}, "missing_lines": [29, 30, 31, 50, 51, 52, 58, 61, 62, 65, 68, 69, 72, 73, 74, 75, 78, 83, 86, 87, 88, 90, 110, 111, 112, 113, 116, 119, 120, 123, 125, 137, 138, 139, 140, 143, 144, 146, 160, 161, 164, 165], "excluded_lines": [], "functions": {"DecisionTreePredictor.__init__": {"executed_lines": [], "summary": {"covered_lines": 0, "num_statements": 3, "percent_covered": 0.0, "percent_covered_display": "0", "missing_lines": 3, "excluded_lines": 0}, "missing_lines": [29, 30, 31], "excluded_lines": []}, "DecisionTreePredictor.train": {"executed_lines": [], "summary": {"covered_lines": 0, "num_statements": 19, "percent_covered": 0.0, "percent_covered_display": "0", "missing_lines": 19, "excluded_lines": 0}, "missing_lines": [50, 51, 52, 58, 61, 62, 65, 68, 69, 72, 73, 74, 75, 78, 83, 86, 87, 88, 90], "excluded_lines": []}, "DecisionTreePredictor.predict": {"executed_lines": [], "summary": {"covered_lines": 0, "num_statements": 9, "percent_covered": 0.0, "percent_covered_display": "0", "missing_lines": 9, "excluded_lines": 0}, "missing_lines": [110, 111, 112, 113, 116, 119, 120, 123, 125], "excluded_lines": []}, "DecisionTreePredictor.get_model_state": {"executed_lines": [], "summary": {"covered_lines": 0, "num_statements": 7, "percent_covered": 0.0, "percent_covered_display": "0", "missing_lines": 7, "excluded_lines": 0}, "missing_lines": [137, 138, 139, 140, 143, 144, 146], "excluded_lines": []}, "DecisionTreePredictor.load_model_state": {"executed_lines": [], "summary": {"covered_lines": 0, "num_statements": 4, "percent_covered": 0.0, "percent_covered_display": "0", "missing_lines": 4, "excluded_lines": 0}, "missing_lines": [160, 161, 164, 165], "excluded_lines": []}, "": {"executed_lines": [1, 7, 8, 9, 10, 11, 12, 14, 15, 17, 20, 21, 27, 33, 97, 130, 152], "summary": {"covered_lines": 15, "num_statements": 15, "percent_covered": 100.0, "percent_covered_display": "100", "missing_lines": 0, "excluded_lines": 0}, "missing_lines": [], "excluded_lines": []}}, "classes": {"DecisionTreePredictor": {"executed_lines": [], "summary": {"covered_lines": 0, "num_statements": 42, "percent_covered": 0.0, "percent_covered_display": "0", "missing_lines": 42, "excluded_lines": 0}, "missing_lines": [29, 30, 31, 50, 51, 52, 58, 61, 62, 65, 68, 69, 72, 73, 74, 75, 78, 83, 86, 87, 88, 90, 110, 111, 112, 113, 116, 119, 120, 123, 125, 137, 138, 139, 140, 143, 144, 146, 160, 161, 164, 165], "excluded_lines": []}, "": {"executed_lines": [1, 7, 8, 9, 10, 11, 12, 14, 15, 17, 20, 21, 27, 33, 97, 130, 152], "summary": {"covered_lines": 15, "num_statements": 15, "percent_covered": 100.0, "percent_covered_display": "100", "missing_lines": 0, "excluded_lines": 0}, "missing_lines": [], "excluded_lines": []}}}, "src/predictor/expect_error.py": {"executed_lines": [1, 7, 8, 9, 10, 11, 12, 14, 15, 16, 18, 21, 22, 28, 30, 31, 32, 33, 34, 36, 51, 52, 53, 59, 62, 63, 66, 69, 70, 73, 74, 75, 78, 79, 82, 84, 85, 86, 89, 90, 92, 93, 96, 97, 98, 99, 100, 101, 102, 105, 106, 107, 108, 109, 111, 118, 131, 132, 133, 134, 137, 140, 141, 144, 147, 149, 150, 151, 153, 158, 165, 170, 179, 187, 188, 189, 192, 193, 194, 195], "summary": {"covered_lines": 78, "num_statements": 82, "percent_covered": 95.1219512195122, "percent_covered_display": "95", "missing_lines": 4, "excluded_lines": 0}, "missing_lines": [83, 166, 167, 168], "excluded_lines": [], "functions": {"ExpectErrorPredictor.__init__": {"executed_lines": [30, 31, 32, 33, 34], "summary": {"covered_lines": 5, "num_statements": 5, "percent_covered": 100.0, "percent_covered_display": "100", "missing_lines": 0, "excluded_lines": 0}, "missing_lines": [], "excluded_lines": []}, "ExpectErrorPredictor.train": {"executed_lines": [51, 52, 53, 59, 62, 63, 66, 69, 70, 73, 74, 75, 78, 79, 82, 84, 85, 86, 89, 90, 92, 93, 96, 97, 98, 99, 100, 101, 102, 105, 106, 107, 108, 109, 111], "summary": {"covered_lines": 35, "num_statements": 36, "percent_covered": 97.22222222222223, "percent_covered_display": "97", "missing_lines": 1, "excluded_lines": 0}, "missing_lines": [83], "excluded_lines": []}, "ExpectErrorPredictor.predict": {"executed_lines": [131, 132, 133, 134, 137, 140, 141, 144, 147, 149, 150, 151, 153], "summary": {"covered_lines": 13, "num_statements": 13, "percent_covered": 100.0, "percent_covered_display": "100", "missing_lines": 0, "excluded_lines": 0}, "missing_lines": [], "excluded_lines": []}, "ExpectErrorPredictor.get_model_state": {"executed_lines": [165, 170], "summary": {"covered_lines": 2, "num_statements": 5, "percent_covered": 40.0, "percent_covered_display": "40", "missing_lines": 3, "excluded_lines": 0}, "missing_lines": [166, 167, 168], "excluded_lines": []}, "ExpectErrorPredictor.load_model_state": {"executed_lines": [187, 188, 189, 192, 193, 194, 195], "summary": {"covered_lines": 7, "num_statements": 7, "percent_covered": 100.0, "percent_covered_display": "100", "missing_lines": 0, "excluded_lines": 0}, "missing_lines": [], "excluded_lines": []}, "": {"executed_lines": [1, 7, 8, 9, 10, 11, 12, 14, 15, 16, 18, 21, 22, 28, 36, 118, 158, 179], "summary": {"covered_lines": 16, "num_statements": 16, "percent_covered": 100.0, "percent_covered_display": "100", "missing_lines": 0, "excluded_lines": 0}, "missing_lines": [], "excluded_lines": []}}, "classes": {"ExpectErrorPredictor": {"executed_lines": [30, 31, 32, 33, 34, 51, 52, 53, 59, 62, 63, 66, 69, 70, 73, 74, 75, 78, 79, 82, 84, 85, 86, 89, 90, 92, 93, 96, 97, 98, 99, 100, 101, 102, 105, 106, 107, 108, 109, 111, 131, 132, 133, 134, 137, 140, 141, 144, 147, 149, 150, 151, 153, 165, 170, 187, 188, 189, 192, 193, 194, 195], "summary": {"covered_lines": 62, "num_statements": 66, "percent_covered": 93.93939393939394, "percent_covered_display": "94", "missing_lines": 4, "excluded_lines": 0}, "missing_lines": [83, 166, 167, 168], "excluded_lines": []}, "": {"executed_lines": [1, 7, 8, 9, 10, 11, 12, 14, 15, 16, 18, 21, 22, 28, 36, 118, 158, 179], "summary": {"covered_lines": 16, "num_statements": 16, "percent_covered": 100.0, "percent_covered_display": "100", "missing_lines": 0, "excluded_lines": 0}, "missing_lines": [], "excluded_lines": []}}}, "src/predictor/linear_regression.py": {"executed_lines": [1, 7, 8, 9, 10, 12, 13, 15, 18, 19, 25, 31, 83, 116, 135], "summary": {"covered_lines": 13, "num_statements": 50, "percent_covered": 26.0, "percent_covered_display": "26", "missing_lines": 37, "excluded_lines": 0}, "missing_lines": [27, 28, 29, 46, 47, 48, 54, 57, 58, 61, 64, 65, 68, 69, 72, 73, 74, 76, 96, 97, 98, 99, 102, 105, 106, 109, 111, 123, 124, 125, 126, 128, 143, 146, 147, 150, 151], "excluded_lines": [], "functions": {"LinearRegressionPredictor.__init__": {"executed_lines": [], "summary": {"covered_lines": 0, "num_statements": 3, "percent_covered": 0.0, "percent_covered_display": "0", "missing_lines": 3, "excluded_lines": 0}, "missing_lines": [27, 28, 29], "excluded_lines": []}, "LinearRegressionPredictor.train": {"executed_lines": [], "summary": {"covered_lines": 0, "num_statements": 15, "percent_covered": 0.0, "percent_covered_display": "0", "missing_lines": 15, "excluded_lines": 0}, "missing_lines": [46, 47, 48, 54, 57, 58, 61, 64, 65, 68, 69, 72, 73, 74, 76], "excluded_lines": []}, "LinearRegressionPredictor.predict": {"executed_lines": [], "summary": {"covered_lines": 0, "num_statements": 9, "percent_covered": 0.0, "percent_covered_display": "0", "missing_lines": 9, "excluded_lines": 0}, "missing_lines": [96, 97, 98, 99, 102, 105, 106, 109, 111], "excluded_lines": []}, "LinearRegressionPredictor.get_model_state": {"executed_lines": [], "summary": {"covered_lines": 0, "num_statements": 5, "percent_covered": 0.0, "percent_covered_display": "0", "missing_lines": 5, "excluded_lines": 0}, "missing_lines": [123, 124, 125, 126, 128], "excluded_lines": []}, "LinearRegressionPredictor.load_model_state": {"executed_lines": [], "summary": {"covered_lines": 0, "num_statements": 5, "percent_covered": 0.0, "percent_covered_display": "0", "missing_lines": 5, "excluded_lines": 0}, "missing_lines": [143, 146, 147, 150, 151], "excluded_lines": []}, "": {"executed_lines": [1, 7, 8, 9, 10, 12, 13, 15, 18, 19, 25, 31, 83, 116, 135], "summary": {"covered_lines": 13, "num_statements": 13, "percent_covered": 100.0, "percent_covered_display": "100", "missing_lines": 0, "excluded_lines": 0}, "missing_lines": [], "excluded_lines": []}}, "classes": {"LinearRegressionPredictor": {"executed_lines": [], "summary": {"covered_lines": 0, "num_statements": 37, "percent_covered": 0.0, "percent_covered_display": "0", "missing_lines": 37, "excluded_lines": 0}, "missing_lines": [27, 28, 29, 46, 47, 48, 54, 57, 58, 61, 64, 65, 68, 69, 72, 73, 74, 76, 96, 97, 98, 99, 102, 105, 106, 109, 111, 123, 124, 125, 126, 128, 143, 146, 147, 150, 151], "excluded_lines": []}, "": {"executed_lines": [1, 7, 8, 9, 10, 12, 13, 15, 18, 19, 25, 31, 83, 116, 135], "summary": {"covered_lines": 13, "num_statements": 13, "percent_covered": 100.0, "percent_covered_display": "100", "missing_lines": 0, "excluded_lines": 0}, "missing_lines": [], "excluded_lines": []}}}, "src/predictor/mlp.py": {"executed_lines": [1, 7, 8, 9, 12, 15, 16, 22, 32, 34, 37, 38, 39, 42, 43, 46, 47, 48, 49, 52, 54, 56, 66, 68, 75, 81, 82, 92], "summary": {"covered_lines": 26, "num_statements": 27, "percent_covered": 96.29629629629629, "percent_covered_display": "96", "missing_lines": 1, "excluded_lines": 0}, "missing_lines": [35], "excluded_lines": [], "functions": {"MLP.__init__": {"executed_lines": [32, 34, 37, 38, 39, 42, 43, 46, 47, 48, 49, 52, 54], "summary": {"covered_lines": 13, "num_statements": 14, "percent_covered": 92.85714285714286, "percent_covered_display": "93", "missing_lines": 1, "excluded_lines": 0}, "missing_lines": [35], "excluded_lines": []}, "MLP.forward": {"executed_lines": [66], "summary": {"covered_lines": 1, "num_statements": 1, "percent_covered": 100.0, "percent_covered_display": "100", "missing_lines": 0, "excluded_lines": 0}, "missing_lines": [], "excluded_lines": []}, "MLP.get_config": {"executed_lines": [75], "summary": {"covered_lines": 1, "num_statements": 1, "percent_covered": 100.0, "percent_covered_display": "100", "missing_lines": 0, "excluded_lines": 0}, "missing_lines": [], "excluded_lines": []}, "MLP.from_config": {"executed_lines": [92], "summary": {"covered_lines": 1, "num_statements": 1, "percent_covered": 100.0, "percent_covered_display": "100", "missing_lines": 0, "excluded_lines": 0}, "missing_lines": [], "excluded_lines": []}, "": {"executed_lines": [1, 7, 8, 9, 12, 15, 16, 22, 56, 68, 81, 82], "summary": {"covered_lines": 10, "num_statements": 10, "percent_covered": 100.0, "percent_covered_display": "100", "missing_lines": 0, "excluded_lines": 0}, "missing_lines": [], "excluded_lines": []}}, "classes": {"MLP": {"executed_lines": [32, 34, 37, 38, 39, 42, 43, 46, 47, 48, 49, 52, 54, 66, 75, 92], "summary": {"covered_lines": 16, "num_statements": 17, "percent_covered": 94.11764705882354, "percent_covered_display": "94", "missing_lines": 1, "excluded_lines": 0}, "missing_lines": [35], "excluded_lines": []}, "": {"executed_lines": [1, 7, 8, 9, 12, 15, 16, 22, 56, 68, 81, 82], "summary": {"covered_lines": 10, "num_statements": 10, "percent_covered": 100.0, "percent_covered_display": "100", "missing_lines": 0, "excluded_lines": 0}, "missing_lines": [], "excluded_lines": []}}}, "src/predictor/quantile.py": {"executed_lines": [1, 12, 13, 14, 15, 16, 17, 18, 20, 21, 22, 24, 27, 28, 37, 46, 47, 48, 50, 63, 68, 69, 73, 78, 81, 83, 86, 87, 96, 105, 106, 107, 109, 122, 125, 129, 131, 138, 141, 146, 149, 152, 155, 157, 160, 161, 172, 174, 175, 176, 177, 178, 179, 180, 181, 182, 183, 187, 190, 191, 192, 194, 243, 254, 261, 264, 265, 267, 269, 273, 274, 275, 277, 280, 283, 288, 292, 296, 297, 299, 300, 304, 309, 311, 314, 317, 318, 324, 325, 327, 329, 330, 331, 334, 335, 336, 340, 341, 342, 345, 346, 349, 352, 353, 354, 355, 360, 363, 365, 366, 367, 368, 369, 372, 373, 376, 379, 384, 385, 388, 389, 390, 393, 394, 396, 397, 398, 401, 402, 407, 408, 409, 411, 412, 421, 433, 449, 452, 455, 456, 458, 463, 466, 467, 469, 470, 471, 472, 473, 474, 475, 476, 477, 479, 481, 482, 487, 488, 490, 493, 495, 502, 504, 506, 531, 532, 534, 535, 536, 538, 539, 541, 542, 543, 544, 550, 551, 553, 555, 609, 630, 631, 644, 647, 648, 651, 653, 672, 679, 684, 687, 688, 691, 694, 696, 697, 699, 700, 704, 708, 709, 714, 715, 718, 723, 727, 734, 739, 758, 766, 767, 768, 771, 772, 773, 774, 775, 776, 779, 782, 785, 791, 794, 795, 796], "summary": {"covered_lines": 221, "num_statements": 267, "percent_covered": 82.77153558052434, "percent_covered_display": "83", "missing_lines": 46, "excluded_lines": 0}, "missing_lines": [65, 244, 245, 251, 255, 285, 413, 416, 417, 418, 419, 497, 546, 547, 548, 575, 577, 578, 579, 580, 582, 583, 584, 585, 586, 588, 589, 591, 592, 594, 596, 597, 599, 601, 622, 624, 625, 627, 628, 649, 673, 674, 675, 735, 736, 737], "excluded_lines": [], "functions": {"BaseDeltaTransform.__init__": {"executed_lines": [46, 47, 48], "summary": {"covered_lines": 3, "num_statements": 3, "percent_covered": 100.0, "percent_covered_display": "100", "missing_lines": 0, "excluded_lines": 0}, "missing_lines": [], "excluded_lines": []}, "BaseDeltaTransform.forward": {"executed_lines": [63, 68, 69, 73, 78, 81, 83], "summary": {"covered_lines": 7, "num_statements": 8, "percent_covered": 87.5, "percent_covered_display": "88", "missing_lines": 1, "excluded_lines": 0}, "missing_lines": [65], "excluded_lines": []}, "PinballLoss.__init__": {"executed_lines": [105, 106, 107], "summary": {"covered_lines": 3, "num_statements": 3, "percent_covered": 100.0, "percent_covered_display": "100", "missing_lines": 0, "excluded_lines": 0}, "missing_lines": [], "excluded_lines": []}, "PinballLoss.forward": {"executed_lines": [122, 125, 129, 131, 138, 141, 146, 149, 152, 155, 157], "summary": {"covered_lines": 11, "num_statements": 11, "percent_covered": 100.0, "percent_covered_display": "100", "missing_lines": 0, "excluded_lines": 0}, "missing_lines": [], "excluded_lines": []}, "QuantilePredictor.__init__": {"executed_lines": [174, 175, 176, 177, 178, 179, 180, 181, 182, 183, 187, 190, 191, 192], "summary": {"covered_lines": 14, "num_statements": 14, "percent_covered": 100.0, "percent_covered_display": "100", "missing_lines": 0, "excluded_lines": 0}, "missing_lines": [], "excluded_lines": []}, "QuantilePredictor.train": {"executed_lines": [243, 254, 261, 264, 265, 267, 269, 273, 274, 275, 277, 280, 283, 288, 292, 296, 297, 299, 300, 304, 309, 311, 314, 317, 318, 324, 325, 327, 329, 330, 331, 334, 335, 336, 340, 341, 342, 345, 346, 349, 352, 353, 354, 355, 360, 363, 365, 366, 367, 368, 369, 372, 373, 376, 379, 384, 385, 388, 389, 390, 393, 394, 396, 397, 398, 401, 402, 407, 408, 409, 411, 412, 421], "summary": {"covered_lines": 73, "num_statements": 83, "percent_covered": 87.95180722891567, "percent_covered_display": "88", "missing_lines": 10, "excluded_lines": 0}, "missing_lines": [244, 245, 251, 255, 285, 413, 416, 417, 418, 419], "excluded_lines": []}, "QuantilePredictor._estimate_cv_from_data": {"executed_lines": [449, 452, 455, 456, 458, 463, 466, 467, 469, 470, 471, 472, 473, 474, 475, 476, 477, 479, 481, 482, 487, 488, 490, 493, 495, 502, 504], "summary": {"covered_lines": 27, "num_statements": 28, "percent_covered": 96.42857142857143, "percent_covered_display": "96", "missing_lines": 1, "excluded_lines": 0}, "missing_lines": [497], "excluded_lines": []}, "QuantilePredictor._augment_training_data": {"executed_lines": [531, 532, 534, 535, 536, 538, 539, 541, 542, 543, 544, 550, 551, 553], "summary": {"covered_lines": 14, "num_statements": 17, "percent_covered": 82.3529411764706, "percent_covered_display": "82", "missing_lines": 3, "excluded_lines": 0}, "missing_lines": [546, 547, 548], "excluded_lines": []}, "QuantilePredictor._compute_residual_calibration": {"executed_lines": [], "summary": {"covered_lines": 0, "num_statements": 19, "percent_covered": 0.0, "percent_covered_display": "0", "missing_lines": 19, "excluded_lines": 0}, "missing_lines": [575, 577, 578, 579, 580, 582, 583, 584, 585, 586, 588, 589, 591, 592, 594, 596, 597, 599, 601], "excluded_lines": []}, "QuantilePredictor._get_residual_quantile_multiplier": {"executed_lines": [], "summary": {"covered_lines": 0, "num_statements": 5, "percent_covered": 0.0, "percent_covered_display": "0", "missing_lines": 5, "excluded_lines": 0}, "missing_lines": [622, 624, 625, 627, 628], "excluded_lines": []}, "QuantilePredictor._enforce_monotonicity": {"executed_lines": [644, 647, 648, 651], "summary": {"covered_lines": 4, "num_statements": 5, "percent_covered": 80.0, "percent_covered_display": "80", "missing_lines": 1, "excluded_lines": 0}, "missing_lines": [649], "excluded_lines": []}, "QuantilePredictor.predict": {"executed_lines": [672, 679, 684, 687, 688, 691, 694, 696, 697, 699, 700, 704, 708, 709, 714, 715, 718, 723], "summary": {"covered_lines": 18, "num_statements": 21, "percent_covered": 85.71428571428571, "percent_covered_display": "86", "missing_lines": 3, "excluded_lines": 0}, "missing_lines": [673, 674, 675], "excluded_lines": []}, "QuantilePredictor.get_model_state": {"executed_lines": [734, 739], "summary": {"covered_lines": 2, "num_statements": 5, "percent_covered": 40.0, "percent_covered_display": "40", "missing_lines": 3, "excluded_lines": 0}, "missing_lines": [735, 736, 737], "excluded_lines": []}, "QuantilePredictor.load_model_state": {"executed_lines": [766, 767, 768, 771, 772, 773, 774, 775, 776, 779, 782, 785, 791, 794, 795, 796], "summary": {"covered_lines": 16, "num_statements": 16, "percent_covered": 100.0, "percent_covered_display": "100", "missing_lines": 0, "excluded_lines": 0}, "missing_lines": [], "excluded_lines": []}, "": {"executed_lines": [1, 12, 13, 14, 15, 16, 17, 18, 20, 21, 22, 24, 27, 28, 37, 50, 86, 87, 96, 109, 160, 161, 172, 194, 433, 506, 555, 609, 630, 631, 653, 727, 758], "summary": {"covered_lines": 29, "num_statements": 29, "percent_covered": 100.0, "percent_covered_display": "100", "missing_lines": 0, "excluded_lines": 0}, "missing_lines": [], "excluded_lines": []}}, "classes": {"BaseDeltaTransform": {"executed_lines": [46, 47, 48, 63, 68, 69, 73, 78, 81, 83], "summary": {"covered_lines": 10, "num_statements": 11, "percent_covered": 90.9090909090909, "percent_covered_display": "91", "missing_lines": 1, "excluded_lines": 0}, "missing_lines": [65], "excluded_lines": []}, "PinballLoss": {"executed_lines": [105, 106, 107, 122, 125, 129, 131, 138, 141, 146, 149, 152, 155, 157], "summary": {"covered_lines": 14, "num_statements": 14, "percent_covered": 100.0, "percent_covered_display": "100", "missing_lines": 0, "excluded_lines": 0}, "missing_lines": [], "excluded_lines": []}, "QuantilePredictor": {"executed_lines": [174, 175, 176, 177, 178, 179, 180, 181, 182, 183, 187, 190, 191, 192, 243, 254, 261, 264, 265, 267, 269, 273, 274, 275, 277, 280, 283, 288, 292, 296, 297, 299, 300, 304, 309, 311, 314, 317, 318, 324, 325, 327, 329, 330, 331, 334, 335, 336, 340, 341, 342, 345, 346, 349, 352, 353, 354, 355, 360, 363, 365, 366, 367, 368, 369, 372, 373, 376, 379, 384, 385, 388, 389, 390, 393, 394, 396, 397, 398, 401, 402, 407, 408, 409, 411, 412, 421, 449, 452, 455, 456, 458, 463, 466, 467, 469, 470, 471, 472, 473, 474, 475, 476, 477, 479, 481, 482, 487, 488, 490, 493, 495, 502, 504, 531, 532, 534, 535, 536, 538, 539, 541, 542, 543, 544, 550, 551, 553, 644, 647, 648, 651, 672, 679, 684, 687, 688, 691, 694, 696, 697, 699, 700, 704, 708, 709, 714, 715, 718, 723, 734, 739, 766, 767, 768, 771, 772, 773, 774, 775, 776, 779, 782, 785, 791, 794, 795, 796], "summary": {"covered_lines": 168, "num_statements": 213, "percent_covered": 78.87323943661971, "percent_covered_display": "79", "missing_lines": 45, "excluded_lines": 0}, "missing_lines": [244, 245, 251, 255, 285, 413, 416, 417, 418, 419, 497, 546, 547, 548, 575, 577, 578, 579, 580, 582, 583, 584, 585, 586, 588, 589, 591, 592, 594, 596, 597, 599, 601, 622, 624, 625, 627, 628, 649, 673, 674, 675, 735, 736, 737], "excluded_lines": []}, "": {"executed_lines": [1, 12, 13, 14, 15, 16, 17, 18, 20, 21, 22, 24, 27, 28, 37, 50, 86, 87, 96, 109, 160, 161, 172, 194, 433, 506, 555, 609, 630, 631, 653, 727, 758], "summary": {"covered_lines": 29, "num_statements": 29, "percent_covered": 100.0, "percent_covered_display": "100", "missing_lines": 0, "excluded_lines": 0}, "missing_lines": [], "excluded_lines": []}}}, "src/preprocessor/base_preprocessor.py": {"executed_lines": [1, 3, 4, 7], "summary": {"covered_lines": 4, "num_statements": 6, "percent_covered": 66.66666666666667, "percent_covered_display": "67", "missing_lines": 2, "excluded_lines": 0}, "missing_lines": [5, 8], "excluded_lines": [], "functions": {"BasePreprocessor.__init__": {"executed_lines": [], "summary": {"covered_lines": 0, "num_statements": 1, "percent_covered": 0.0, "percent_covered_display": "0", "missing_lines": 1, "excluded_lines": 0}, "missing_lines": [5], "excluded_lines": []}, "BasePreprocessor.__call__": {"executed_lines": [], "summary": {"covered_lines": 0, "num_statements": 1, "percent_covered": 0.0, "percent_covered_display": "0", "missing_lines": 1, "excluded_lines": 0}, "missing_lines": [8], "excluded_lines": []}, "": {"executed_lines": [1, 3, 4, 7], "summary": {"covered_lines": 4, "num_statements": 4, "percent_covered": 100.0, "percent_covered_display": "100", "missing_lines": 0, "excluded_lines": 0}, "missing_lines": [], "excluded_lines": []}}, "classes": {"BasePreprocessor": {"executed_lines": [], "summary": {"covered_lines": 0, "num_statements": 2, "percent_covered": 0.0, "percent_covered_display": "0", "missing_lines": 2, "excluded_lines": 0}, "missing_lines": [5, 8], "excluded_lines": []}, "": {"executed_lines": [1, 3, 4, 7], "summary": {"covered_lines": 4, "num_statements": 4, "percent_covered": 100.0, "percent_covered_display": "100", "missing_lines": 0, "excluded_lines": 0}, "missing_lines": [], "excluded_lines": []}}}, "src/preprocessor/preprocessors_registry.py": {"executed_lines": [1, 2, 4, 5, 7, 8, 10, 17, 18, 19], "summary": {"covered_lines": 10, "num_statements": 10, "percent_covered": 100.0, "percent_covered_display": "100", "missing_lines": 0, "excluded_lines": 0}, "missing_lines": [], "excluded_lines": [], "functions": {"PreprocessorsRegistry.__init__": {"executed_lines": [7, 8, 10], "summary": {"covered_lines": 3, "num_statements": 3, "percent_covered": 100.0, "percent_covered_display": "100", "missing_lines": 0, "excluded_lines": 0}, "missing_lines": [], "excluded_lines": []}, "PreprocessorsRegistry.get_preprocessor": {"executed_lines": [18, 19], "summary": {"covered_lines": 2, "num_statements": 2, "percent_covered": 100.0, "percent_covered_display": "100", "missing_lines": 0, "excluded_lines": 0}, "missing_lines": [], "excluded_lines": []}, "": {"executed_lines": [1, 2, 4, 5, 17], "summary": {"covered_lines": 5, "num_statements": 5, "percent_covered": 100.0, "percent_covered_display": "100", "missing_lines": 0, "excluded_lines": 0}, "missing_lines": [], "excluded_lines": []}}, "classes": {"PreprocessorsRegistry": {"executed_lines": [7, 8, 10, 18, 19], "summary": {"covered_lines": 5, "num_statements": 5, "percent_covered": 100.0, "percent_covered_display": "100", "missing_lines": 0, "excluded_lines": 0}, "missing_lines": [], "excluded_lines": []}, "": {"executed_lines": [1, 2, 4, 5, 17], "summary": {"covered_lines": 5, "num_statements": 5, "percent_covered": 100.0, "percent_covered_display": "100", "missing_lines": 0, "excluded_lines": 0}, "missing_lines": [], "excluded_lines": []}}}, "src/preprocessor/semantic_predictor.py": {"executed_lines": [1, 3, 4, 5, 6, 7, 9, 13, 15, 16, 17, 20, 21, 23, 51, 53, 60, 61, 62, 63, 64, 65, 66, 67, 68, 70, 71, 75, 76, 79, 80, 82, 98, 104, 107, 108, 110, 112, 114, 116, 145, 155, 168, 169, 172, 175, 176, 177, 178, 179, 181, 183, 184, 185, 187, 188, 189, 190, 191, 194, 195, 197, 198, 206, 207, 208, 210, 211, 212, 213, 214, 215, 217, 219, 229], "summary": {"covered_lines": 74, "num_statements": 82, "percent_covered": 90.2439024390244, "percent_covered_display": "90", "missing_lines": 8, "excluded_lines": 0}, "missing_lines": [55, 56, 57, 126, 139, 140, 143, 192], "excluded_lines": [], "functions": {"TransformerLengthPredictor.__init__": {"executed_lines": [51, 53, 60, 61, 62, 63, 64, 65, 66, 67, 68, 70, 71, 75, 76, 79, 80], "summary": {"covered_lines": 17, "num_statements": 20, "percent_covered": 85.0, "percent_covered_display": "85", "missing_lines": 3, "excluded_lines": 0}, "missing_lines": [55, 56, 57], "excluded_lines": []}, "TransformerLengthPredictor.forward": {"executed_lines": [98, 104, 107, 108, 110], "summary": {"covered_lines": 5, "num_statements": 5, "percent_covered": 100.0, "percent_covered_display": "100", "missing_lines": 0, "excluded_lines": 0}, "missing_lines": [], "excluded_lines": []}, "TransformerLengthPredictor.count_parameters": {"executed_lines": [114], "summary": {"covered_lines": 1, "num_statements": 1, "percent_covered": 100.0, "percent_covered_display": "100", "missing_lines": 0, "excluded_lines": 0}, "missing_lines": [], "excluded_lines": []}, "create_model_from_config": {"executed_lines": [155, 168, 169, 172], "summary": {"covered_lines": 4, "num_statements": 4, "percent_covered": 100.0, "percent_covered_display": "100", "missing_lines": 0, "excluded_lines": 0}, "missing_lines": [], "excluded_lines": []}, "SemanticPredictor.__init__": {"executed_lines": [177, 178, 179, 181, 183, 184, 185], "summary": {"covered_lines": 7, "num_statements": 7, "percent_covered": 100.0, "percent_covered_display": "100", "missing_lines": 0, "excluded_lines": 0}, "missing_lines": [], "excluded_lines": []}, "SemanticPredictor.load_model": {"executed_lines": [188, 189, 190, 191, 194, 195], "summary": {"covered_lines": 6, "num_statements": 7, "percent_covered": 85.71428571428571, "percent_covered_display": "86", "missing_lines": 1, "excluded_lines": 0}, "missing_lines": [192], "excluded_lines": []}, "SemanticPredictor.process_input": {"executed_lines": [198, 206, 207, 208], "summary": {"covered_lines": 4, "num_statements": 4, "percent_covered": 100.0, "percent_covered_display": "100", "missing_lines": 0, "excluded_lines": 0}, "missing_lines": [], "excluded_lines": []}, "SemanticPredictor.predict": {"executed_lines": [211, 212, 213, 214, 215, 217], "summary": {"covered_lines": 6, "num_statements": 6, "percent_covered": 100.0, "percent_covered_display": "100", "missing_lines": 0, "excluded_lines": 0}, "missing_lines": [], "excluded_lines": []}, "SemanticPredictor.__call__": {"executed_lines": [229], "summary": {"covered_lines": 1, "num_statements": 1, "percent_covered": 100.0, "percent_covered_display": "100", "missing_lines": 0, "excluded_lines": 0}, "missing_lines": [], "excluded_lines": []}, "": {"executed_lines": [1, 3, 4, 5, 6, 7, 9, 13, 15, 16, 17, 20, 21, 23, 82, 112, 116, 145, 175, 176, 187, 197, 210, 219], "summary": {"covered_lines": 23, "num_statements": 23, "percent_covered": 100.0, "percent_covered_display": "100", "missing_lines": 0, "excluded_lines": 0}, "missing_lines": [], "excluded_lines": []}}, "classes": {"TransformerLengthPredictor": {"executed_lines": [51, 53, 60, 61, 62, 63, 64, 65, 66, 67, 68, 70, 71, 75, 76, 79, 80, 98, 104, 107, 108, 110, 114], "summary": {"covered_lines": 23, "num_statements": 26, "percent_covered": 88.46153846153847, "percent_covered_display": "88", "missing_lines": 3, "excluded_lines": 0}, "missing_lines": [55, 56, 57], "excluded_lines": []}, "SemanticPredictor": {"executed_lines": [177, 178, 179, 181, 183, 184, 185, 188, 189, 190, 191, 194, 195, 198, 206, 207, 208, 211, 212, 213, 214, 215, 217, 229], "summary": {"covered_lines": 24, "num_statements": 25, "percent_covered": 96.0, "percent_covered_display": "96", "missing_lines": 1, "excluded_lines": 0}, "missing_lines": [192], "excluded_lines": []}, "": {"executed_lines": [1, 3, 4, 5, 6, 7, 9, 13, 15, 16, 17, 20, 21, 23, 82, 112, 116, 145, 155, 168, 169, 172, 175, 176, 187, 197, 210, 219], "summary": {"covered_lines": 27, "num_statements": 31, "percent_covered": 87.09677419354838, "percent_covered_display": "87", "missing_lines": 4, "excluded_lines": 0}, "missing_lines": [126, 139, 140, 143], "excluded_lines": []}}}, "src/storage/__init__.py": {"executed_lines": [0], "summary": {"covered_lines": 0, "num_statements": 0, "percent_covered": 100.0, "percent_covered_display": "100", "missing_lines": 0, "excluded_lines": 0}, "missing_lines": [], "excluded_lines": [], "functions": {"": {"executed_lines": [], "summary": {"covered_lines": 0, "num_statements": 0, "percent_covered": 100.0, "percent_covered_display": "100", "missing_lines": 0, "excluded_lines": 0}, "missing_lines": [], "excluded_lines": []}}, "classes": {"": {"executed_lines": [], "summary": {"covered_lines": 0, "num_statements": 0, "percent_covered": 100.0, "percent_covered_display": "100", "missing_lines": 0, "excluded_lines": 0}, "missing_lines": [], "excluded_lines": []}}}, "src/storage/model_storage.py": {"executed_lines": [1, 7, 8, 9, 10, 11, 12, 14, 16, 19, 20, 26, 33, 34, 35, 37, 60, 61, 62, 64, 80, 87, 88, 89, 90, 102, 115, 117, 118, 119, 121, 122, 123, 124, 135, 145, 146, 148, 155, 157, 158, 159, 160, 163, 171, 183, 185, 195, 197, 198, 200, 201, 203, 210, 211, 213], "summary": {"covered_lines": 54, "num_statements": 63, "percent_covered": 85.71428571428571, "percent_covered_display": "86", "missing_lines": 9, "excluded_lines": 0}, "missing_lines": [91, 92, 100, 125, 126, 133, 173, 175, 181], "excluded_lines": [], "functions": {"ModelStorage.__init__": {"executed_lines": [33, 34, 35], "summary": {"covered_lines": 3, "num_statements": 3, "percent_covered": 100.0, "percent_covered_display": "100", "missing_lines": 0, "excluded_lines": 0}, "missing_lines": [], "excluded_lines": []}, "ModelStorage.generate_model_key": {"executed_lines": [60, 61, 62], "summary": {"covered_lines": 3, "num_statements": 3, "percent_covered": 100.0, "percent_covered_display": "100", "missing_lines": 0, "excluded_lines": 0}, "missing_lines": [], "excluded_lines": []}, "ModelStorage.save_model": {"executed_lines": [80, 87, 88, 89, 90], "summary": {"covered_lines": 5, "num_statements": 8, "percent_covered": 62.5, "percent_covered_display": "62", "missing_lines": 3, "excluded_lines": 0}, "missing_lines": [91, 92, 100], "excluded_lines": []}, "ModelStorage.load_model": {"executed_lines": [115, 117, 118, 119, 121, 122, 123, 124], "summary": {"covered_lines": 8, "num_statements": 11, "percent_covered": 72.72727272727273, "percent_covered_display": "73", "missing_lines": 3, "excluded_lines": 0}, "missing_lines": [125, 126, 133], "excluded_lines": []}, "ModelStorage.model_exists": {"executed_lines": [145, 146], "summary": {"covered_lines": 2, "num_statements": 2, "percent_covered": 100.0, "percent_covered_display": "100", "missing_lines": 0, "excluded_lines": 0}, "missing_lines": [], "excluded_lines": []}, "ModelStorage.list_models": {"executed_lines": [155, 157, 158, 159, 160, 163, 171, 183], "summary": {"covered_lines": 8, "num_statements": 11, "percent_covered": 72.72727272727273, "percent_covered_display": "73", "missing_lines": 3, "excluded_lines": 0}, "missing_lines": [173, 175, 181], "excluded_lines": []}, "ModelStorage.delete_model": {"executed_lines": [195, 197, 198, 200, 201], "summary": {"covered_lines": 5, "num_statements": 5, "percent_covered": 100.0, "percent_covered_display": "100", "missing_lines": 0, "excluded_lines": 0}, "missing_lines": [], "excluded_lines": []}, "ModelStorage.get_storage_info": {"executed_lines": [210, 211, 213], "summary": {"covered_lines": 3, "num_statements": 3, "percent_covered": 100.0, "percent_covered_display": "100", "missing_lines": 0, "excluded_lines": 0}, "missing_lines": [], "excluded_lines": []}, "": {"executed_lines": [1, 7, 8, 9, 10, 11, 12, 14, 16, 19, 20, 26, 37, 64, 102, 135, 148, 185, 203], "summary": {"covered_lines": 17, "num_statements": 17, "percent_covered": 100.0, "percent_covered_display": "100", "missing_lines": 0, "excluded_lines": 0}, "missing_lines": [], "excluded_lines": []}}, "classes": {"ModelStorage": {"executed_lines": [33, 34, 35, 60, 61, 62, 80, 87, 88, 89, 90, 115, 117, 118, 119, 121, 122, 123, 124, 145, 146, 155, 157, 158, 159, 160, 163, 171, 183, 195, 197, 198, 200, 201, 210, 211, 213], "summary": {"covered_lines": 37, "num_statements": 46, "percent_covered": 80.43478260869566, "percent_covered_display": "80", "missing_lines": 9, "excluded_lines": 0}, "missing_lines": [91, 92, 100, 125, 126, 133, 173, 175, 181], "excluded_lines": []}, "": {"executed_lines": [1, 7, 8, 9, 10, 11, 12, 14, 16, 19, 20, 26, 37, 64, 102, 135, 148, 185, 203], "summary": {"covered_lines": 17, "num_statements": 17, "percent_covered": 100.0, "percent_covered_display": "100", "missing_lines": 0, "excluded_lines": 0}, "missing_lines": [], "excluded_lines": []}}}, "src/utils/__init__.py": {"executed_lines": [0], "summary": {"covered_lines": 0, "num_statements": 0, "percent_covered": 100.0, "percent_covered_display": "100", "missing_lines": 0, "excluded_lines": 0}, "missing_lines": [], "excluded_lines": [], "functions": {"": {"executed_lines": [], "summary": {"covered_lines": 0, "num_statements": 0, "percent_covered": 100.0, "percent_covered_display": "100", "missing_lines": 0, "excluded_lines": 0}, "missing_lines": [], "excluded_lines": []}}, "classes": {"": {"executed_lines": [], "summary": {"covered_lines": 0, "num_statements": 0, "percent_covered": 100.0, "percent_covered_display": "100", "missing_lines": 0, "excluded_lines": 0}, "missing_lines": [], "excluded_lines": []}}}, "src/utils/experiment.py": {"executed_lines": [1, 26, 27, 28, 30, 32, 35, 51, 52, 55, 58, 60, 63, 76, 77, 78, 83, 85, 87, 88, 89, 95, 97, 98, 99, 104, 106, 109, 125, 131, 156, 159, 165, 166, 169, 172, 173, 176, 178, 179, 182, 183, 184, 186, 188, 189, 192, 193, 194, 195, 197, 200, 201, 203, 206, 266, 268, 271, 273, 275, 276, 278, 279, 280, 293, 295, 296, 298, 301, 304, 305, 307, 312, 376, 379, 380, 381, 383, 385, 388, 389, 392, 396, 400, 402, 403, 405, 407, 408, 409, 410, 411, 420, 421, 426], "summary": {"covered_lines": 94, "num_statements": 100, "percent_covered": 94.0, "percent_covered_display": "94", "missing_lines": 6, "excluded_lines": 0}, "missing_lines": [157, 160, 161, 162, 174, 180], "excluded_lines": [], "functions": {"is_experiment_mode": {"executed_lines": [51, 52, 55, 58, 60], "summary": {"covered_lines": 5, "num_statements": 5, "percent_covered": 100.0, "percent_covered_display": "100", "missing_lines": 0, "excluded_lines": 0}, "missing_lines": [], "excluded_lines": []}, "get_exp_runtime": {"executed_lines": [76, 77, 78, 83, 85, 87, 88, 89, 95, 97, 98, 99, 104, 106], "summary": {"covered_lines": 14, "num_statements": 14, "percent_covered": 100.0, "percent_covered_display": "100", "missing_lines": 0, "excluded_lines": 0}, "missing_lines": [], "excluded_lines": []}, "generate_expect_error_prediction": {"executed_lines": [125], "summary": {"covered_lines": 1, "num_statements": 1, "percent_covered": 100.0, "percent_covered_display": "100", "missing_lines": 0, "excluded_lines": 0}, "missing_lines": [], "excluded_lines": []}, "generate_multimodal_samples": {"executed_lines": [156, 159, 165, 166, 169, 172, 173, 176, 178, 179, 182, 183, 184, 186, 188, 189, 192, 193, 194, 195, 197, 200, 201, 203], "summary": {"covered_lines": 24, "num_statements": 30, "percent_covered": 80.0, "percent_covered_display": "80", "missing_lines": 6, "excluded_lines": 0}, "missing_lines": [157, 160, 161, 162, 174, 180], "excluded_lines": []}, "generate_quantile_prediction": {"executed_lines": [266, 268, 271, 273, 275, 276, 278, 279, 280, 293, 295, 296, 298, 301, 304, 305, 307], "summary": {"covered_lines": 17, "num_statements": 17, "percent_covered": 100.0, "percent_covered_display": "100", "missing_lines": 0, "excluded_lines": 0}, "missing_lines": [], "excluded_lines": []}, "generate_experiment_prediction": {"executed_lines": [376, 379, 380, 381, 383, 385, 388, 389, 392, 396, 400, 402, 403, 405, 407, 408, 409, 410, 411, 420, 421, 426], "summary": {"covered_lines": 22, "num_statements": 22, "percent_covered": 100.0, "percent_covered_display": "100", "missing_lines": 0, "excluded_lines": 0}, "missing_lines": [], "excluded_lines": []}, "": {"executed_lines": [1, 26, 27, 28, 30, 32, 35, 63, 109, 131, 206, 312], "summary": {"covered_lines": 11, "num_statements": 11, "percent_covered": 100.0, "percent_covered_display": "100", "missing_lines": 0, "excluded_lines": 0}, "missing_lines": [], "excluded_lines": []}}, "classes": {"": {"executed_lines": [1, 26, 27, 28, 30, 32, 35, 51, 52, 55, 58, 60, 63, 76, 77, 78, 83, 85, 87, 88, 89, 95, 97, 98, 99, 104, 106, 109, 125, 131, 156, 159, 165, 166, 169, 172, 173, 176, 178, 179, 182, 183, 184, 186, 188, 189, 192, 193, 194, 195, 197, 200, 201, 203, 206, 266, 268, 271, 273, 275, 276, 278, 279, 280, 293, 295, 296, 298, 301, 304, 305, 307, 312, 376, 379, 380, 381, 383, 385, 388, 389, 392, 396, 400, 402, 403, 405, 407, 408, 409, 410, 411, 420, 421, 426], "summary": {"covered_lines": 94, "num_statements": 100, "percent_covered": 94.0, "percent_covered_display": "94", "missing_lines": 6, "excluded_lines": 0}, "missing_lines": [157, 160, 161, 162, 174, 180], "excluded_lines": []}}}, "src/utils/hardware_perf_info.py": {"executed_lines": [1, 7, 123, 141, 151, 177], "summary": {"covered_lines": 5, "num_statements": 24, "percent_covered": 20.833333333333332, "percent_covered_display": "21", "missing_lines": 19, "excluded_lines": 0}, "missing_lines": [136, 137, 138, 148, 162, 163, 165, 174, 179, 180, 181, 183, 184, 185, 186, 188, 189, 190, 191], "excluded_lines": [], "functions": {"get_gpu_spec": {"executed_lines": [], "summary": {"covered_lines": 0, "num_statements": 3, "percent_covered": 0.0, "percent_covered_display": "0", "missing_lines": 3, "excluded_lines": 0}, "missing_lines": [136, 137, 138], "excluded_lines": []}, "list_available_gpus": {"executed_lines": [], "summary": {"covered_lines": 0, "num_statements": 1, "percent_covered": 0.0, "percent_covered_display": "0", "missing_lines": 1, "excluded_lines": 0}, "missing_lines": [148], "excluded_lines": []}, "compare_gpus": {"executed_lines": [], "summary": {"covered_lines": 0, "num_statements": 4, "percent_covered": 0.0, "percent_covered_display": "0", "missing_lines": 4, "excluded_lines": 0}, "missing_lines": [162, 163, 165, 174], "excluded_lines": []}, "": {"executed_lines": [1, 7, 123, 141, 151, 177], "summary": {"covered_lines": 5, "num_statements": 16, "percent_covered": 31.25, "percent_covered_display": "31", "missing_lines": 11, "excluded_lines": 0}, "missing_lines": [179, 180, 181, 183, 184, 185, 186, 188, 189, 190, 191], "excluded_lines": []}}, "classes": {"": {"executed_lines": [1, 7, 123, 141, 151, 177], "summary": {"covered_lines": 5, "num_statements": 24, "percent_covered": 20.833333333333332, "percent_covered_display": "21", "missing_lines": 19, "excluded_lines": 0}, "missing_lines": [136, 137, 138, 148, 162, 163, 165, 174, 179, 180, 181, 183, 184, 185, 186, 188, 189, 190, 191], "excluded_lines": []}}}, "src/utils/logging.py": {"executed_lines": [1, 10, 11, 12, 13, 14, 16, 19, 20, 28, 47, 136, 143], "summary": {"covered_lines": 11, "num_statements": 35, "percent_covered": 31.428571428571427, "percent_covered_display": "31", "missing_lines": 24, "excluded_lines": 0}, "missing_lines": [31, 32, 33, 34, 37, 38, 39, 40, 42, 73, 74, 77, 78, 81, 84, 99, 100, 118, 121, 128, 129, 130, 131, 133], "excluded_lines": [], "functions": {"InterceptHandler.emit": {"executed_lines": [], "summary": {"covered_lines": 0, "num_statements": 9, "percent_covered": 0.0, "percent_covered_display": "0", "missing_lines": 9, "excluded_lines": 0}, "missing_lines": [31, 32, 33, 34, 37, 38, 39, 40, 42], "excluded_lines": []}, "setup_logging": {"executed_lines": [], "summary": {"covered_lines": 0, "num_statements": 15, "percent_covered": 0.0, "percent_covered_display": "0", "missing_lines": 15, "excluded_lines": 0}, "missing_lines": [73, 74, 77, 78, 81, 84, 99, 100, 118, 121, 128, 129, 130, 131, 133], "excluded_lines": []}, "get_logger": {"executed_lines": [143], "summary": {"covered_lines": 1, "num_statements": 1, "percent_covered": 100.0, "percent_covered_display": "100", "missing_lines": 0, "excluded_lines": 0}, "missing_lines": [], "excluded_lines": []}, "": {"executed_lines": [1, 10, 11, 12, 13, 14, 16, 19, 20, 28, 47, 136], "summary": {"covered_lines": 10, "num_statements": 10, "percent_covered": 100.0, "percent_covered_display": "100", "missing_lines": 0, "excluded_lines": 0}, "missing_lines": [], "excluded_lines": []}}, "classes": {"InterceptHandler": {"executed_lines": [], "summary": {"covered_lines": 0, "num_statements": 9, "percent_covered": 0.0, "percent_covered_display": "0", "missing_lines": 9, "excluded_lines": 0}, "missing_lines": [31, 32, 33, 34, 37, 38, 39, 40, 42], "excluded_lines": []}, "": {"executed_lines": [1, 10, 11, 12, 13, 14, 16, 19, 20, 28, 47, 136, 143], "summary": {"covered_lines": 11, "num_statements": 26, "percent_covered": 42.30769230769231, "percent_covered_display": "42", "missing_lines": 15, "excluded_lines": 0}, "missing_lines": [73, 74, 77, 78, 81, 84, 99, 100, 118, 121, 128, 129, 130, 131, 133], "excluded_lines": []}}}}, "totals": {"covered_lines": 986, "num_statements": 1581, "percent_covered": 62.365591397849464, "percent_covered_display": "62", "missing_lines": 595, "excluded_lines": 0}}